Build started 02/05/2014 11:07:17.
     1>Project "D:\sources\AutoScoutTests\Updater\Updater.vcxproj" on node 3 (Build target(s)).
     1>InitializeBuildStatus:
         Creating "Release\Updater.unsuccessfulbuild" because "AlwaysCreate" was specified.
       ClCompile:
         d:\Program Files (x86)\Microsoft Visual Studio 10.0\VC\bin\CL.exe /c /Zi /nologo /W3 /WX- /O2 /Oi /Oy- /GL /D _UNICODE /D UNICODE /Gm- /MT /GS- /Gy /fp:precise /Zc:wchar_t /Zc:forScope /Fo"Release\\" /Fd"Release\vc100.pdb" /Gd /TP /analyze- /errorReport:prompt main.cpp Updater.cpp
         main.cpp
     1>main.cpp(13): error C2664: 'GetModuleFileNameW' : cannot convert parameter 2 from 'LPSTR' to 'LPWSTR'
                 Types pointed to are unrelated; conversion requires reinterpret_cast, C-style cast or function-style cast
     1>main.cpp(15): error C2664: 'CreateFileW' : cannot convert parameter 1 from 'LPSTR' to 'LPCWSTR'
                 Types pointed to are unrelated; conversion requires reinterpret_cast, C-style cast or function-style cast
     1>main.cpp(36): error C2664: 'CreateFileW' : cannot convert parameter 1 from 'const char [48]' to 'LPCWSTR'
                 Types pointed to are unrelated; conversion requires reinterpret_cast, C-style cast or function-style cast
         Updater.cpp
     1>Updater.cpp(270): error C2664: 'BOOL (LPCTSTR,LPTSTR,LPSECURITY_ATTRIBUTES,LPSECURITY_ATTRIBUTES,BOOL,DWORD,LPVOID,LPCTSTR,LPSTARTUPINFO,LPPROCESS_INFORMATION)' : cannot convert parameter 2 from 'LPSTR' to 'LPTSTR'
                 Types pointed to are unrelated; conversion requires reinterpret_cast, C-style cast or function-style cast
     1>Updater.cpp(270): error C2664: 'BOOL (LPCTSTR,LPTSTR,LPSECURITY_ATTRIBUTES,LPSECURITY_ATTRIBUTES,BOOL,DWORD,LPVOID,LPCTSTR,LPSTARTUPINFO,LPPROCESS_INFORMATION)' : cannot convert parameter 1 from 'LPSECURITY_ATTRIBUTES' to 'LPCTSTR'
                 Types pointed to are unrelated; conversion requires reinterpret_cast, C-style cast or function-style cast
     1>Done Building Project "D:\sources\AutoScoutTests\Updater\Updater.vcxproj" (Build target(s)) -- FAILED.

Build FAILED.

Time Elapsed 00:00:00.81
